<?xml version="1.0" encoding="UTF-8"?>
<!-- Generated by org.testng.reporters.JUnitReportReporter -->
<testsuite hostname="Arjun-PC" name="com.OrangeHrm.tests.AdminLoginTest1" tests="1" failures="0" timestamp="6 Mar 2018 17:30:23 GMT" time="28.778" errors="0">
  <testcase name="AdminLoginTest" time="28.778" classname="com.OrangeHrm.tests.AdminLoginTest1"/>
</testsuite> <!-- com.OrangeHrm.tests.AdminLoginTest1 -->
